d:\visual studio 2015\meshsubdivision_debug\meshsubdivision_debug\x64\debug\meshsubdivision_debug.obj
d:\visual studio 2015\meshsubdivision_debug\meshsubdivision_debug\x64\debug\qrc_meshsubdivision_debug.obj
d:\visual studio 2015\meshsubdivision_debug\meshsubdivision_debug\x64\debug\main.obj
d:\visual studio 2015\meshsubdivision_debug\meshsubdivision_debug\x64\debug\eventfilter.obj
d:\visual studio 2015\meshsubdivision_debug\meshsubdivision_debug\x64\debug\changelayout.obj
d:\visual studio 2015\meshsubdivision_debug\meshsubdivision_debug\x64\debug\initialization.obj
d:\visual studio 2015\meshsubdivision_debug\meshsubdivision_debug\x64\debug\outputtextedit.obj
d:\visual studio 2015\meshsubdivision_debug\meshsubdivision_debug\x64\debug\commandprocessor.obj
d:\visual studio 2015\meshsubdivision_debug\meshsubdivision_debug\x64\debug\command.obj
d:\visual studio 2015\meshsubdivision_debug\meshsubdivision_debug\x64\debug\commandanalyser.obj
d:\visual studio 2015\meshsubdivision_debug\meshsubdivision_debug\x64\debug\loadmesh.obj
d:\visual studio 2015\meshsubdivision_debug\meshsubdivision_debug\x64\debug\showorclear.obj
d:\visual studio 2015\meshsubdivision_debug\meshsubdivision_debug\x64\debug\meshloader.obj
d:\visual studio 2015\meshsubdivision_debug\meshsubdivision_debug\x64\debug\moc_meshloader.obj
d:\visual studio 2015\meshsubdivision_debug\meshsubdivision_debug\x64\debug\moc_commandprocessor.obj
d:\visual studio 2015\meshsubdivision_debug\meshsubdivision_debug\x64\debug\vc140.pdb
d:\visual studio 2015\meshsubdivision_debug\meshsubdivision_debug\x64\debug\moc_meshsubdivision_debug.obj
d:\visual studio 2015\meshsubdivision_debug\meshsubdivision_debug\x64\debug\camerasynchronization.obj
d:\visual studio 2015\meshsubdivision_debug\x64\debug\meshsubdivision_debug.ilk
d:\visual studio 2015\meshsubdivision_debug\x64\debug\meshsubdivision_debug.exe
d:\visual studio 2015\meshsubdivision_debug\x64\debug\meshsubdivision_debug.pdb
d:\visual studio 2015\meshsubdivision_debug\meshsubdivision_debug\generatedfiles\qrc_meshsubdivision_debug.cpp
d:\visual studio 2015\meshsubdivision_debug\meshsubdivision_debug\generatedfiles\ui_meshsubdivision_debug.h
d:\visual studio 2015\meshsubdivision_debug\meshsubdivision_debug\generatedfiles\debug\moc_meshsubdivision_debug.cpp
d:\visual studio 2015\meshsubdivision_debug\meshsubdivision_debug\generatedfiles\debug\moc_commandprocessor.cpp
d:\visual studio 2015\meshsubdivision_debug\meshsubdivision_debug\generatedfiles\debug\moc_meshloader.cpp
d:\visual studio 2015\meshsubdivision_debug\meshsubdivision_debug\x64\debug\meshsubd.b12702ad.tlog\cl.command.1.tlog
d:\visual studio 2015\meshsubdivision_debug\meshsubdivision_debug\x64\debug\meshsubd.b12702ad.tlog\cl.read.1.tlog
d:\visual studio 2015\meshsubdivision_debug\meshsubdivision_debug\x64\debug\meshsubd.b12702ad.tlog\cl.write.1.tlog
d:\visual studio 2015\meshsubdivision_debug\meshsubdivision_debug\x64\debug\meshsubd.b12702ad.tlog\link.command.1.tlog
d:\visual studio 2015\meshsubdivision_debug\meshsubdivision_debug\x64\debug\meshsubd.b12702ad.tlog\link.read.1.tlog
d:\visual studio 2015\meshsubdivision_debug\meshsubdivision_debug\x64\debug\meshsubd.b12702ad.tlog\link.write.1.tlog
d:\visual studio 2015\meshsubdivision_debug\meshsubdivision_debug\x64\debug\meshsubd.b12702ad.tlog\meshsubdivision_debug.write.1u.tlog
